
================================================================
======== txAdmin Starting - 7/19/2023, 9:34:46 PM               
================================================================
[9:41:07 PM] txAdmin: Logger started

================================================================
======== txAdmin Starting - 7/19/2023, 9:45:35 PM               
================================================================
[9:46:17 PM] txAdmin: Logger started
[9:48:08 PM] [KARLF#1] Vopori: joined with identifiers [steam:110000103db2151]
[9:51:59 PM] [KARLF#1] Vopori: disconnected (Exiting)
[9:53:04 PM] txAdmin: Logger started
[9:54:00 PM] [V7jcd#1] Vopori: joined with identifiers [steam:110000103db2151]
[9:56:10 PM] [V7jcd#1] Vopori: disconnected (Exiting)

================================================================
======== txAdmin Starting - 7/19/2023, 10:05:32 PM              
================================================================

================================================================
======== txAdmin Starting - 7/19/2023, 10:07:52 PM              
================================================================
[10:08:29 PM] txAdmin: Logger started
[10:09:35 PM] [xCMYp#1] Vopori: joined with identifiers [steam:110000103db2151]
[10:12:13 PM] [xCMYp#1] Vopori: disconnected (Exiting)
